# JRE version: Java(TM) SE Runtime Environment (8.0_192-b12) (build 1.8.0_192-b12)
# Java VM: Java HotSpot(TM) 64-Bit Server VM (25.192-b12 mixed mode windows-amd64 compressed oops)
Heap:
 PSYoungGen      total 138240K, used 48063K [0x00000000d5c00000, 0x00000000e6100000, 0x0000000100000000)
  eden space 131072K, 31% used [0x00000000d5c00000,0x00000000d8458ae0,0x00000000ddc00000)
  from space 7168K, 94% used [0x00000000de500000,0x00000000deb972a0,0x00000000dec00000)
  to   space 9216K, 0% used [0x00000000ddc00000,0x00000000ddc00000,0x00000000de500000)
 ParOldGen       total 43008K, used 4703K [0x0000000081400000, 0x0000000083e00000, 0x00000000d5c00000)
  object space 43008K, 10% used [0x0000000081400000,0x0000000081897c58,0x0000000083e00000)
 Metaspace       used 26931K, capacity 27720K, committed 28032K, reserved 1073152K
  class space    used 3404K, capacity 3599K, committed 3712K, reserved 1048576K
GC Heap History (10 events):
Event: 1.645 GC heap before
{Heap before GC invocations=5 (full 0):
 PSYoungGen      total 71680K, used 70878K [0x00000000d5c00000, 0x00000000da700000, 0x0000000100000000)
  eden space 66560K, 100% used [0x00000000d5c00000,0x00000000d9d00000,0x00000000d9d00000)
  from space 5120K, 84% used [0x00000000da200000,0x00000000da6378f0,0x00000000da700000)
  to   space 5120K, 0% used [0x00000000d9d00000,0x00000000d9d00000,0x00000000da200000)
 ParOldGen       total 87552K, used 40K [0x0000000081400000, 0x0000000086980000, 0x00000000d5c00000)
  object space 87552K, 0% used [0x0000000081400000,0x000000008140a000,0x0000000086980000)
 Metaspace       used 16354K, capacity 16882K, committed 17152K, reserved 1064960K
  class space    used 2085K, capacity 2222K, committed 2304K, reserved 1048576K
Event: 1.654 GC heap after
Heap after GC invocations=5 (full 0):
 PSYoungGen      total 71680K, used 5111K [0x00000000d5c00000, 0x00000000dec00000, 0x0000000100000000)
  eden space 66560K, 0% used [0x00000000d5c00000,0x00000000d5c00000,0x00000000d9d00000)
  from space 5120K, 99% used [0x00000000d9d00000,0x00000000da1fdf58,0x00000000da200000)
  to   space 7168K, 0% used [0x00000000de500000,0x00000000de500000,0x00000000dec00000)
 ParOldGen       total 87552K, used 1793K [0x0000000081400000, 0x0000000086980000, 0x00000000d5c00000)
  object space 87552K, 2% used [0x0000000081400000,0x00000000815c04d0,0x0000000086980000)
 Metaspace       used 16354K, capacity 16882K, committed 17152K, reserved 1064960K
  class space    used 2085K, capacity 2222K, committed 2304K, reserved 1048576K
}
Event: 1.966 GC heap before
{Heap before GC invocations=6 (full 0):
 PSYoungGen      total 71680K, used 71671K [0x00000000d5c00000, 0x00000000dec00000, 0x0000000100000000)
  eden space 66560K, 100% used [0x00000000d5c00000,0x00000000d9d00000,0x00000000d9d00000)
  from space 5120K, 99% used [0x00000000d9d00000,0x00000000da1fdf58,0x00000000da200000)
  to   space 7168K, 0% used [0x00000000de500000,0x00000000de500000,0x00000000dec00000)
 ParOldGen       total 87552K, used 1793K [0x0000000081400000, 0x0000000086980000, 0x00000000d5c00000)
  object space 87552K, 2% used [0x0000000081400000,0x00000000815c04d0,0x0000000086980000)
 Metaspace       used 20367K, capacity 20960K, committed 21248K, reserved 1067008K
  class space    used 2554K, capacity 2707K, committed 2816K, reserved 1048576K
Event: 1.976 GC heap after
Heap after GC invocations=6 (full 0):
 PSYoungGen      total 138752K, used 7166K [0x00000000d5c00000, 0x00000000def00000, 0x0000000100000000)
  eden space 131584K, 0% used [0x00000000d5c00000,0x00000000d5c00000,0x00000000ddc80000)
  from space 7168K, 99% used [0x00000000de500000,0x00000000debff9f0,0x00000000dec00000)
  to   space 8704K, 0% used [0x00000000ddc80000,0x00000000ddc80000,0x00000000de500000)
 ParOldGen       total 87552K, used 2389K [0x0000000081400000, 0x0000000086980000, 0x00000000d5c00000)
  object space 87552K, 2% used [0x0000000081400000,0x00000000816554f8,0x0000000086980000)
 Metaspace       used 20367K, capacity 20960K, committed 21248K, reserved 1067008K
  class space    used 2554K, capacity 2707K, committed 2816K, reserved 1048576K
}
Event: 2.001 GC heap before
{Heap before GC invocations=7 (full 0):
 PSYoungGen      total 138752K, used 12549K [0x00000000d5c00000, 0x00000000def00000, 0x0000000100000000)
  eden space 131584K, 4% used [0x00000000d5c00000,0x00000000d6141a70,0x00000000ddc80000)
  from space 7168K, 99% used [0x00000000de500000,0x00000000debff9f0,0x00000000dec00000)
  to   space 8704K, 0% used [0x00000000ddc80000,0x00000000ddc80000,0x00000000de500000)
 ParOldGen       total 87552K, used 2389K [0x0000000081400000, 0x0000000086980000, 0x00000000d5c00000)
  object space 87552K, 2% used [0x0000000081400000,0x00000000816554f8,0x0000000086980000)
 Metaspace       used 20550K, capacity 21120K, committed 21248K, reserved 1067008K
  class space    used 2578K, capacity 2739K, committed 2816K, reserved 1048576K
Event: 2.048 GC heap after
Heap after GC invocations=7 (full 0):
 PSYoungGen      total 140288K, used 2798K [0x00000000d5c00000, 0x00000000def00000, 0x0000000100000000)
  eden space 131584K, 0% used [0x00000000d5c00000,0x00000000d5c00000,0x00000000ddc80000)
  from space 8704K, 32% used [0x00000000ddc80000,0x00000000ddf3bb28,0x00000000de500000)
  to   space 7168K, 0% used [0x00000000de500000,0x00000000de500000,0x00000000dec00000)
 ParOldGen       total 87552K, used 4313K [0x0000000081400000, 0x0000000086980000, 0x00000000d5c00000)
  object space 87552K, 4% used [0x0000000081400000,0x0000000081836710,0x0000000086980000)
 Metaspace       used 20550K, capacity 21120K, committed 21248K, reserved 1067008K
  class space    used 2578K, capacity 2739K, committed 2816K, reserved 1048576K
}
Event: 2.048 GC heap before
{Heap before GC invocations=8 (full 1):
 PSYoungGen      total 140288K, used 2798K [0x00000000d5c00000, 0x00000000def00000, 0x0000000100000000)
  eden space 131584K, 0% used [0x00000000d5c00000,0x00000000d5c00000,0x00000000ddc80000)
  from space 8704K, 32% used [0x00000000ddc80000,0x00000000ddf3bb28,0x00000000de500000)
  to   space 7168K, 0% used [0x00000000de500000,0x00000000de500000,0x00000000dec00000)
 ParOldGen       total 87552K, used 4313K [0x0000000081400000, 0x0000000086980000, 0x00000000d5c00000)
  object space 87552K, 4% used [0x0000000081400000,0x0000000081836710,0x0000000086980000)
 Metaspace       used 20550K, capacity 21120K, committed 21248K, reserved 1067008K
  class space    used 2578K, capacity 2739K, committed 2816K, reserved 1048576K
Event: 2.083 GC heap after
Heap after GC invocations=8 (full 1):
 PSYoungGen      total 140288K, used 0K [0x00000000d5c00000, 0x00000000def00000, 0x0000000100000000)
  eden space 131584K, 0% used [0x00000000d5c00000,0x00000000d5c00000,0x00000000ddc80000)
  from space 8704K, 0% used [0x00000000ddc80000,0x00000000ddc80000,0x00000000de500000)
  to   space 7168K, 0% used [0x00000000de500000,0x00000000de500000,0x00000000dec00000)
 ParOldGen       total 43008K, used 4631K [0x0000000081400000, 0x0000000083e00000, 0x00000000d5c00000)
  object space 43008K, 10% used [0x0000000081400000,0x0000000081885c48,0x0000000083e00000)
 Metaspace       used 20548K, capacity 21114K, committed 21248K, reserved 1067008K
  class space    used 2578K, capacity 2738K, committed 2816K, reserved 1048576K
}
Event: 3.770 GC heap before
{Heap before GC invocations=9 (full 1):
 PSYoungGen      total 140288K, used 131584K [0x00000000d5c00000, 0x00000000def00000, 0x0000000100000000)
  eden space 131584K, 100% used [0x00000000d5c00000,0x00000000ddc80000,0x00000000ddc80000)
  from space 8704K, 0% used [0x00000000ddc80000,0x00000000ddc80000,0x00000000de500000)
  to   space 7168K, 0% used [0x00000000de500000,0x00000000de500000,0x00000000dec00000)
 ParOldGen       total 43008K, used 4631K [0x0000000081400000, 0x0000000083e00000, 0x00000000d5c00000)
  object space 43008K, 10% used [0x0000000081400000,0x0000000081885c48,0x0000000083e00000)
 Metaspace       used 24957K, capacity 25704K, committed 25856K, reserved 1071104K
  class space    used 3131K, capacity 3311K, committed 3328K, reserved 1048576K
Event: 3.777 GC heap after
Heap after GC invocations=9 (full 1):
 PSYoungGen      total 138240K, used 6748K [0x00000000d5c00000, 0x00000000e6100000, 0x0000000100000000)
  eden space 131072K, 0% used [0x00000000d5c00000,0x00000000d5c00000,0x00000000ddc00000)
  from space 7168K, 94% used [0x00000000de500000,0x00000000deb972a0,0x00000000dec00000)
  to   space 9216K, 0% used [0x00000000ddc00000,0x00000000ddc00000,0x00000000de500000)
 ParOldGen       total 43008K, used 4703K [0x0000000081400000, 0x0000000083e00000, 0x00000000d5c00000)
  object space 43008K, 10% used [0x0000000081400000,0x0000000081897c58,0x0000000083e00000)
 Metaspace       used 24957K, capacity 25704K, committed 25856K, reserved 1071104K
  class space    used 3131K, capacity 3311K, committed 3328K, reserved 1048576K
}

